<?xml version="1.0" encoding="UTF-8"?>
<!-- Generated by org.testng.reporters.JUnitXMLReporter -->
<testsuite ignored="0" hostname="DESKTOP-D0JLFQF" failures="1" tests="2" name="Test" time="11.107" errors="0" timestamp="2023-03-22T11:59:08 IST">
  <testcase classname="Module1_Login_Test.SwagLAbTest_Base_And_Utility" name="verifylogo" time="0.362"/>
  <testcase classname="Module1_Login_Test.SwagLAbTest_Base_And_Utility" name="verifylogo" time="4.029">
    <failure type="java.lang.IllegalArgumentException" message="Test name must not be null or empty">
      <![CDATA[java.lang.IllegalArgumentException: Test name must not be null or empty
at com.aventstack.extentreports.util.Assert.notEmpty(Assert.java:12)
at com.aventstack.extentreports.ExtentTest.<init>(ExtentTest.java:96)
at com.aventstack.extentreports.ExtentTest.<init>(ExtentTest.java:117)
at com.aventstack.extentreports.ExtentTest.createNode(ExtentTest.java:170)
at com.aventstack.extentreports.ExtentTest.createNode(ExtentTest.java:285)
at LibraryFiles.ExtentManeger.onTestSuccess(ExtentManeger.java:63)
at java.base/java.util.ArrayList.forEach(ArrayList.java:1511)
... Removed 24 stack frames]]>
    </failure>
  </testcase> <!-- verifylogo -->
</testsuite> <!-- Test -->
